# JRE version: OpenJDK Runtime Environment (11.0.5+10) (build 11.0.5+10-b520.17)
# Java VM: OpenJDK 64-Bit Server VM (11.0.5+10-b520.17, mixed mode, tiered, compressed oops, g1 gc, windows-amd64)
Heap:
 garbage-first heap   total 227328K, used 157329K [0x0000000081e00000, 0x0000000100000000)
  region size 1024K, 103 young (105472K), 12 survivors (12288K)
 Metaspace       used 15384K, capacity 15695K, committed 16000K, reserved 1064960K
  class space    used 1211K, capacity 1330K, committed 1408K, reserved 1048576K
GC Heap History (20 events):
Event: 2.387 GC heap before
{Heap before GC invocations=5 (full 0):
 garbage-first heap   total 157696K, used 118836K [0x0000000081e00000, 0x0000000100000000)
  region size 1024K, 92 young (94208K), 7 survivors (7168K)
 Metaspace       used 15357K, capacity 15631K, committed 15744K, reserved 1062912K
  class space    used 1211K, capacity 1330K, committed 1408K, reserved 1048576K
}
Event: 2.395 GC heap after
{Heap after GC invocations=6 (full 0):
 garbage-first heap   total 157696K, used 15736K [0x0000000081e00000, 0x0000000100000000)
  region size 1024K, 7 young (7168K), 7 survivors (7168K)
 Metaspace       used 15357K, capacity 15631K, committed 15744K, reserved 1062912K
  class space    used 1211K, capacity 1330K, committed 1408K, reserved 1048576K
}
Event: 2.643 GC heap before
{Heap before GC invocations=6 (full 0):
 garbage-first heap   total 157696K, used 121208K [0x0000000081e00000, 0x0000000100000000)
  region size 1024K, 92 young (94208K), 7 survivors (7168K)
 Metaspace       used 15358K, capacity 15631K, committed 15744K, reserved 1062912K
  class space    used 1211K, capacity 1330K, committed 1408K, reserved 1048576K
}
Event: 2.651 GC heap after
{Heap after GC invocations=7 (full 0):
 garbage-first heap   total 157696K, used 19140K [0x0000000081e00000, 0x0000000100000000)
  region size 1024K, 8 young (8192K), 8 survivors (8192K)
 Metaspace       used 15358K, capacity 15631K, committed 15744K, reserved 1062912K
  class space    used 1211K, capacity 1330K, committed 1408K, reserved 1048576K
}
Event: 2.811 GC heap before
{Heap before GC invocations=7 (full 0):
 garbage-first heap   total 157696K, used 118468K [0x0000000081e00000, 0x0000000100000000)
  region size 1024K, 92 young (94208K), 8 survivors (8192K)
 Metaspace       used 15358K, capacity 15631K, committed 15744K, reserved 1062912K
  class space    used 1211K, capacity 1330K, committed 1408K, reserved 1048576K
}
Event: 2.818 GC heap after
{Heap after GC invocations=8 (full 0):
 garbage-first heap   total 157696K, used 25485K [0x0000000081e00000, 0x0000000100000000)
  region size 1024K, 8 young (8192K), 8 survivors (8192K)
 Metaspace       used 15358K, capacity 15631K, committed 15744K, reserved 1062912K
  class space    used 1211K, capacity 1330K, committed 1408K, reserved 1048576K
}
Event: 3.040 GC heap before
{Heap before GC invocations=8 (full 0):
 garbage-first heap   total 157696K, used 125837K [0x0000000081e00000, 0x0000000100000000)
  region size 1024K, 92 young (94208K), 8 survivors (8192K)
 Metaspace       used 15359K, capacity 15695K, committed 16000K, reserved 1064960K
  class space    used 1211K, capacity 1330K, committed 1408K, reserved 1048576K
}
Event: 3.049 GC heap after
{Heap after GC invocations=9 (full 0):
 garbage-first heap   total 189440K, used 24768K [0x0000000081e00000, 0x0000000100000000)
  region size 1024K, 9 young (9216K), 9 survivors (9216K)
 Metaspace       used 15359K, capacity 15695K, committed 16000K, reserved 1064960K
  class space    used 1211K, capacity 1330K, committed 1408K, reserved 1048576K
}
Event: 3.453 GC heap before
{Heap before GC invocations=9 (full 0):
 garbage-first heap   total 189440K, used 156864K [0x0000000081e00000, 0x0000000100000000)
  region size 1024K, 111 young (113664K), 9 survivors (9216K)
 Metaspace       used 15366K, capacity 15695K, committed 16000K, reserved 1064960K
  class space    used 1211K, capacity 1330K, committed 1408K, reserved 1048576K
}
Event: 3.460 GC heap after
{Heap after GC invocations=10 (full 0):
 garbage-first heap   total 189440K, used 28529K [0x0000000081e00000, 0x0000000100000000)
  region size 1024K, 10 young (10240K), 10 survivors (10240K)
 Metaspace       used 15366K, capacity 15695K, committed 16000K, reserved 1064960K
  class space    used 1211K, capacity 1330K, committed 1408K, reserved 1048576K
}
Event: 3.728 GC heap before
{Heap before GC invocations=10 (full 0):
 garbage-first heap   total 189440K, used 150385K [0x0000000081e00000, 0x0000000100000000)
  region size 1024K, 111 young (113664K), 10 survivors (10240K)
 Metaspace       used 15368K, capacity 15695K, committed 16000K, reserved 1064960K
  class space    used 1211K, capacity 1330K, committed 1408K, reserved 1048576K
}
Event: 3.735 GC heap after
{Heap after GC invocations=11 (full 0):
 garbage-first heap   total 189440K, used 31257K [0x0000000081e00000, 0x0000000100000000)
  region size 1024K, 10 young (10240K), 10 survivors (10240K)
 Metaspace       used 15368K, capacity 15695K, committed 16000K, reserved 1064960K
  class space    used 1211K, capacity 1330K, committed 1408K, reserved 1048576K
}
Event: 3.997 GC heap before
{Heap before GC invocations=11 (full 0):
 garbage-first heap   total 189440K, used 153113K [0x0000000081e00000, 0x0000000100000000)
  region size 1024K, 111 young (113664K), 10 survivors (10240K)
 Metaspace       used 15376K, capacity 15695K, committed 16000K, reserved 1064960K
  class space    used 1211K, capacity 1330K, committed 1408K, reserved 1048576K
}
Event: 4.003 GC heap after
{Heap after GC invocations=12 (full 0):
 garbage-first heap   total 189440K, used 34572K [0x0000000081e00000, 0x0000000100000000)
  region size 1024K, 10 young (10240K), 10 survivors (10240K)
 Metaspace       used 15376K, capacity 15695K, committed 16000K, reserved 1064960K
  class space    used 1211K, capacity 1330K, committed 1408K, reserved 1048576K
}
Event: 4.257 GC heap before
{Heap before GC invocations=12 (full 0):
 garbage-first heap   total 189440K, used 156428K [0x0000000081e00000, 0x0000000100000000)
  region size 1024K, 111 young (113664K), 10 survivors (10240K)
 Metaspace       used 15377K, capacity 15695K, committed 16000K, reserved 1064960K
  class space    used 1211K, capacity 1330K, committed 1408K, reserved 1048576K
}
Event: 4.265 GC heap after
{Heap after GC invocations=13 (full 0):
 garbage-first heap   total 227328K, used 37925K [0x0000000081e00000, 0x0000000100000000)
  region size 1024K, 10 young (10240K), 10 survivors (10240K)
 Metaspace       used 15377K, capacity 15695K, committed 16000K, reserved 1064960K
  class space    used 1211K, capacity 1330K, committed 1408K, reserved 1048576K
}
Event: 4.601 GC heap before
{Heap before GC invocations=13 (full 0):
 garbage-first heap   total 227328K, used 191525K [0x0000000081e00000, 0x0000000100000000)
  region size 1024K, 133 young (136192K), 10 survivors (10240K)
 Metaspace       used 15380K, capacity 15695K, committed 16000K, reserved 1064960K
  class space    used 1211K, capacity 1330K, committed 1408K, reserved 1048576K
}
Event: 4.609 GC heap after
{Heap after GC invocations=14 (full 0):
 garbage-first heap   total 227328K, used 42536K [0x0000000081e00000, 0x0000000100000000)
  region size 1024K, 11 young (11264K), 11 survivors (11264K)
 Metaspace       used 15380K, capacity 15695K, committed 16000K, reserved 1064960K
  class space    used 1211K, capacity 1330K, committed 1408K, reserved 1048576K
}
Event: 4.980 GC heap before
{Heap before GC invocations=14 (full 0):
 garbage-first heap   total 227328K, used 195112K [0x0000000081e00000, 0x0000000100000000)
  region size 1024K, 133 young (136192K), 11 survivors (11264K)
 Metaspace       used 15381K, capacity 15695K, committed 16000K, reserved 1064960K
  class space    used 1211K, capacity 1330K, committed 1408K, reserved 1048576K
}
Event: 4.987 GC heap after
{Heap after GC invocations=15 (full 0):
 garbage-first heap   total 227328K, used 46737K [0x0000000081e00000, 0x0000000100000000)
  region size 1024K, 12 young (12288K), 12 survivors (12288K)
 Metaspace       used 15381K, capacity 15695K, committed 16000K, reserved 1064960K
  class space    used 1211K, capacity 1330K, committed 1408K, reserved 1048576K
}

